<?xml version="1.0" encoding="UTF-8"?>
<!-- Generated by org.testng.reporters.JUnitReportReporter -->
<testsuite hostname="Sadias-MacBook-Air.local" failures="0" tests="1" name="TestRunner" time="5.430" errors="0" timestamp="2021-05-22T19:09:53 EDT" skipped="0">
  <testcase classname="TestRunner" name="runScenario" time="5.430"/>
  <system-out/>
</testsuite> <!-- TestRunner -->
